2017-09-29 11:48:52,519 ERROR Main  -     error: "http://wilabetbio.serveftp.com/830-bystro-ochistit-organizm-ot-amfetamina.php" сan not be processed.
2017-09-29 11:48:52,561 ERROR Main  -     error: "http://unhjn.afirmsi.dynu.com/599-ochistit-organizm-ot-amfetamina.html" сan not be processed.
2017-09-29 11:48:53,731 ERROR Main  -     error: "http://wamulturnta.servegame.com/1553-kak-ochistit-organizm-ot-durmana.php" сan not be processed.
2017-09-29 12:04:06,917 ERROR Main  -     error: "http://otravleniya.com/vidy/alkogolnye/pravila-snyatiya.html" сan not be processed.
2017-09-29 12:05:49,317 ERROR Main  -     error: "http://detoxinfo.ru/kak-vyvesti-marihuanu-iz-organizma.html" сan not be processed.
2017-09-29 12:09:47,594 ERROR Main  -     error: "https://health.mail.ru/consultation/list/rubric/narcology/" сan not be processed.
2017-09-29 12:10:28,031 ERROR Main  -     error: "https://health.mail.ru/consultation/list/rubric/narcology/" сan not be processed.
2017-09-29 12:15:24,954 ERROR Main  -     error: "https://immunit.com.ua/alkoblokada-c-9.html" сan not be processed.
2017-09-29 12:16:28,489 ERROR Main  -     error: "https://health.mail.ru/consultation/1611869/" сan not be processed.
2017-09-29 12:16:42,924 ERROR Main  -     error: "http://datasprouts.com/forums/topic/%D0%B5%D1%81%D0%BB%D0%B8-%D0%BC%D1%83%D0%B6-%D0%BC%D0%BD%D0%BE%D0%B3%D0%BE-%D0%BF%D1%8C%D0%B5%D1%82-%D0%B6%D0%B8%D0%B4%D0%BA%D0%BE%D1%81%D1%82%D0%B8/" сan not be processed.
2017-09-29 12:19:39,071 ERROR Main  -     error: "https://www.hochuzhit.kiev.ua/reabilitatsionnyiy-tsentr-dlya-narkomanov-kiev/test-na-narkotiki.html" сan not be processed.
2017-09-29 12:21:08,406 ERROR Main  -     error: "http://kozlov.com.ua/component/kunena/----/2---.html" сan not be processed.
2017-09-29 12:22:51,339 ERROR Main  -     error: "https://permedu.ru/Files/21092012101648372.doc" сan not be processed.
2017-09-29 12:25:13,477 ERROR Main  -     error: "http://muzh-alkogolik.logdown.com/posts/1699789-kak-lechit-alkogolizm-rvota" сan not be processed.
2017-09-29 12:30:37,167 ERROR Main  -     error: "https://health.mail.ru/consultation/631716/" сan not be processed.
2017-09-29 12:31:58,655 ERROR Main  -     error: "https://health.mail.ru/consultation/631716/" сan not be processed.
2017-09-29 12:34:39,554 ERROR Main  -     error: "http://www.narkotikamnet.in.ua/%D0%BA%D0%BE%D0%B4%D0%B8%D1%80%D0%BE%D0%B2%D0%B0%D0%BD%D0%B8%D0%B5-%D0%BE%D1%82-%D0%B0%D0%BB%D0%BA%D0%BE%D0%B3%D0%BE%D0%BB%D0%B8%D0%B7%D0%BC%D0%B0/" сan not be processed.
2017-09-29 12:39:21,612 ERROR Main  -     error: "http://likari-profmed.com.ua/narcologist-help/5-priznakov-alkogolika" сan not be processed.
2017-09-29 12:44:31,179 ERROR Main  -     error: "https://mydisser.com/dfiles/37140600.doc" сan not be processed.
2017-09-29 12:44:31,629 ERROR Main  -     error: "http://opravda.ru/files/downloads/2006/01/13012006/16.pdf" сan not be processed.
